<?xml version="1.0" encoding="UTF-8"?>
<testng-results skipped="0" failed="0" ignored="1" total="2" passed="1">
  <reporter-output>
  </reporter-output>
  <suite name="Suite" duration-ms="118706" started-at="2019-02-03T17:24:45Z" finished-at="2019-02-03T17:26:44Z">
    <groups>
    </groups>
    <test name="Test" duration-ms="118706" started-at="2019-02-03T17:24:45Z" finished-at="2019-02-03T17:26:44Z">
      <class name="com.selenium.testCase.BookFlight">
        <test-method status="PASS" signature="beforeTest()[pri:0, instance:com.selenium.testCase.BookFlight@16905e]" name="beforeTest" is-config="true" duration-ms="17229" started-at="2019-02-03T17:24:45Z" finished-at="2019-02-03T17:25:02Z">
          <reporter-output>
          </reporter-output>
        </test-method> <!-- beforeTest -->
        <test-method status="PASS" signature="beforeMethod()[pri:0, instance:com.selenium.testCase.BookFlight@16905e]" name="beforeMethod" is-config="true" duration-ms="96412" started-at="2019-02-03T17:25:02Z" finished-at="2019-02-03T17:26:39Z">
          <reporter-output>
          </reporter-output>
        </test-method> <!-- beforeMethod -->
        <test-method status="PASS" signature="register()[pri:0, instance:com.selenium.testCase.BookFlight@16905e]" name="register" duration-ms="4164" started-at="2019-02-03T17:26:39Z" finished-at="2019-02-03T17:26:43Z">
          <reporter-output>
          </reporter-output>
        </test-method> <!-- register -->
        <test-method status="PASS" signature="aftermethod()[pri:0, instance:com.selenium.testCase.BookFlight@16905e]" name="aftermethod" is-config="true" duration-ms="869" started-at="2019-02-03T17:26:43Z" finished-at="2019-02-03T17:26:44Z">
          <reporter-output>
          </reporter-output>
        </test-method> <!-- aftermethod -->
      </class> <!-- com.selenium.testCase.BookFlight -->
    </test> <!-- Test -->
  </suite> <!-- Suite -->
</testng-results>
